2020-10-07 12:01:01,902 INFO [main] o.d.k.p.PageApplication [SpringApplication.java:651] No active profile set, falling back to default profiles: default
2020-10-07 12:01:02,759 INFO [main] o.s.c.c.s.GenericScope [GenericScope.java:295] BeanFactory id=ecaf159c-b925-35fa-91e8-f3ccf7a4ca58
2020-10-07 12:01:02,815 INFO [main] o.s.c.s.PostProcessorRegistrationDelegate$BeanPostProcessorChecker [PostProcessorRegistrationDelegate.java:335] Bean 'org.dell.kube.pages.CategoryClient' of type [org.springframework.cloud.openfeign.FeignClientFactoryBean] is not eligible for getting processed by all BeanPostProcessors (for example: not eligible for auto-proxying)
2020-10-07 12:01:03,038 INFO [main] o.s.b.w.e.t.TomcatWebServer [TomcatWebServer.java:108] Tomcat initialized with port(s): 8080 (http)
2020-10-07 12:01:03,046 INFO [main] o.a.c.h.Http11NioProtocol [DirectJDKLog.java:173] Initializing ProtocolHandler ["http-nio-8080"]
2020-10-07 12:01:03,047 INFO [main] o.a.c.c.StandardService [DirectJDKLog.java:173] Starting service [Tomcat]
2020-10-07 12:01:03,047 INFO [main] o.a.c.c.StandardEngine [DirectJDKLog.java:173] Starting Servlet engine: [Apache Tomcat/9.0.36]
2020-10-07 12:01:03,145 INFO [main] o.a.c.c.C.[.[.[/] [DirectJDKLog.java:173] Initializing Spring embedded WebApplicationContext
2020-10-07 12:01:03,146 INFO [main] o.s.b.w.s.c.ServletWebServerApplicationContext [ServletWebServerApplicationContext.java:285] Root WebApplicationContext: initialization completed in 1228 ms
2020-10-07 12:01:03,509 WARN [main] c.n.c.s.URLConfigurationSource [URLConfigurationSource.java:121] No URLs will be polled as dynamic configuration sources.
2020-10-07 12:01:03,510 INFO [main] c.n.c.s.URLConfigurationSource [URLConfigurationSource.java:122] To enable URLs as dynamic configuration sources, define System property archaius.configurationSource.additionalUrls or make config.properties available on classpath.
2020-10-07 12:01:03,512 WARN [main] c.n.c.s.URLConfigurationSource [URLConfigurationSource.java:121] No URLs will be polled as dynamic configuration sources.
2020-10-07 12:01:03,513 INFO [main] c.n.c.s.URLConfigurationSource [URLConfigurationSource.java:122] To enable URLs as dynamic configuration sources, define System property archaius.configurationSource.additionalUrls or make config.properties available on classpath.
2020-10-07 12:01:03,575 INFO [main] o.s.s.c.ThreadPoolTaskExecutor [ExecutorConfigurationSupport.java:181] Initializing ExecutorService 'applicationTaskExecutor'
2020-10-07 12:01:04,684 INFO [main] o.s.b.a.e.w.EndpointLinksResolver [EndpointLinksResolver.java:58] Exposing 2 endpoint(s) beneath base path '/actuator'
2020-10-07 12:01:04,704 INFO [main] o.a.c.h.Http11NioProtocol [DirectJDKLog.java:173] Starting ProtocolHandler ["http-nio-8080"]
2020-10-07 12:01:04,732 INFO [main] o.s.b.w.e.t.TomcatWebServer [TomcatWebServer.java:220] Tomcat started on port(s): 8080 (http) with context path ''
2020-10-07 12:01:04,748 INFO [main] o.d.k.p.PageApplication [StartupInfoLogger.java:61] Started PageApplication in 4.701 seconds (JVM running for 5.155)
2020-10-07 12:01:14,701 INFO [http-nio-8080-exec-1] o.a.c.c.C.[.[.[/] [DirectJDKLog.java:173] Initializing Spring DispatcherServlet 'dispatcherServlet'
2020-10-07 12:01:14,702 INFO [http-nio-8080-exec-1] o.s.w.s.DispatcherServlet [FrameworkServlet.java:525] Initializing Servlet 'dispatcherServlet'
2020-10-07 12:01:14,708 INFO [http-nio-8080-exec-1] o.s.w.s.DispatcherServlet [FrameworkServlet.java:547] Completed initialization in 6 ms
2020-10-07 12:01:27,339 INFO [http-nio-8080-exec-3] c.z.h.HikariDataSource [HikariDataSource.java:110] HikariPool-1 - Starting...
2020-10-07 12:01:27,435 INFO [http-nio-8080-exec-3] c.z.h.HikariDataSource [HikariDataSource.java:123] HikariPool-1 - Start completed.
2020-10-07 12:06:16,454 INFO [SpringContextShutdownHook] o.s.s.c.ThreadPoolTaskExecutor [ExecutorConfigurationSupport.java:218] Shutting down ExecutorService 'applicationTaskExecutor'
2020-10-07 12:06:16,457 INFO [SpringContextShutdownHook] c.z.h.HikariDataSource [HikariDataSource.java:350] HikariPool-1 - Shutdown initiated...
2020-10-07 12:06:16,466 INFO [SpringContextShutdownHook] c.z.h.HikariDataSource [HikariDataSource.java:352] HikariPool-1 - Shutdown completed.
